<?xml version="1.0" encoding="UTF-8"?>
<!-- Generated by org.testng.reporters.JUnitXMLReporter -->
<testsuite hostname="7SGLPBX8AZD" ignored="0" name="CRO" tests="10" failures="0" timestamp="26 Apr 2018 04:18:19 GMT" time="708.327" errors="0">
  <testcase name="caseCreation" time="175.976" classname="testNG.CROTestNG.CROFileRead"/>
  <testcase name="caseCreation" time="175.364" classname="testNG.CROTestNG.CROFileRead"/>
  <testcase name="caseCreationChecker" time="72.76" classname="testNG.CROTestNG.CROFileRead"/>
  <testcase name="caseCreationChecker" time="0.002" classname="testNG.CROTestNG.CROFileRead"/>
  <testcase name="dataMaker" time="122.283" classname="testNG.CROTestNG.CROFileRead"/>
  <testcase name="dataMaker" time="0.001" classname="testNG.CROTestNG.CROFileRead"/>
  <testcase name="dataChecker" time="76.548" classname="testNG.CROTestNG.CROFileRead"/>
  <testcase name="dataChecker" time="0.002" classname="testNG.CROTestNG.CROFileRead"/>
  <testcase name="caseInquiryAsserssion" time="28.842" classname="testNG.CROTestNG.CROFileRead"/>
  <testcase name="caseInquiryAsserssion" time="28.768" classname="testNG.CROTestNG.CROFileRead"/>
</testsuite> <!-- CRO -->
